<?xml version="1.0" encoding="UTF-8"?>
<Site BuildName="(empty)"
	BuildStamp="20240821-2309-Experimental"
	Name="ripnuc1"
	Generator="ctest-3.28.3"
	CompilerName="/usr/bin/c++"
	CompilerVersion="13.2.0"
	OSName="Linux"
	Hostname="ripnuc1"
	OSRelease="6.8.0-40-generic"
	OSVersion="#40-Ubuntu SMP PREEMPT_DYNAMIC Fri Jul  5 10:34:03 UTC 2024"
	OSPlatform="x86_64"
	Is64Bits="1"
	VendorString="GenuineIntel"
	VendorID="Intel Corporation"
	FamilyID="6"
	ModelID="158"
	ProcessorCacheSize="16384"
	NumberOfLogicalCPU="16"
	NumberOfPhysicalCPU="8"
	TotalVirtualMemory="4095"
	TotalPhysicalMemory="15694"
	LogicalProcessorsPerPhysical="2"
	ProcessorClockFrequency="4398.94"
	>
	<Testing>
		<StartDateTime>Aug 21 13:38 HST</StartDateTime>
		<StartTestTime>1724283488</StartTestTime>
		<TestList/>
		<EndDateTime>Aug 21 13:38 HST</EndDateTime>
		<EndTestTime>1724283488</EndTestTime>
		<ElapsedMinutes>0</ElapsedMinutes>
	</Testing>
</Site>
